{"/home/swpp/swpp/my/sns_frontend/src/reducers/auth.js": {"path":"/home/swpp/swpp/my/sns_frontend/src/reducers/auth.js","statementMap":{"0":{"start":{"line":3,"column":21},"end":{"line":8,"column":1}},"1":{"start":{"line":11,"column":1},"end":{"line":11,"column":25}},"2":{"start":{"line":12,"column":2},"end":{"line":33,"column":3}},"3":{"start":{"line":15,"column":16},"end":{"line":15,"column":27}},"4":{"start":{"line":16,"column":27},"end":{"line":16,"column":31}},"5":{"start":{"line":17,"column":16},"end":{"line":17,"column":28}},"6":{"start":{"line":18,"column":21},"end":{"line":18,"column":34}},"7":{"start":{"line":19,"column":5},"end":{"line":19,"column":82}},"8":{"start":{"line":23,"column":16},"end":{"line":23,"column":27}},"9":{"start":{"line":24,"column":5},"end":{"line":24,"column":45}},"10":{"start":{"line":28,"column":19},"end":{"line":28,"column":31}},"11":{"start":{"line":29,"column":3},"end":{"line":29,"column":39}},"12":{"start":{"line":32,"column":8},"end":{"line":32,"column":21}}},"fnMap":{"0":{"name":"(anonymous_0)","decl":{"start":{"line":10,"column":15},"end":{"line":10,"column":16}},"loc":{"start":{"line":10,"column":54},"end":{"line":34,"column":1}},"line":10}},"branchMap":{"0":{"loc":{"start":{"line":10,"column":16},"end":{"line":10,"column":36}},"type":"default-arg","locations":[{"start":{"line":10,"column":24},"end":{"line":10,"column":36}}],"line":10},"1":{"loc":{"start":{"line":10,"column":38},"end":{"line":10,"column":49}},"type":"default-arg","locations":[{"start":{"line":10,"column":47},"end":{"line":10,"column":49}}],"line":10},"2":{"loc":{"start":{"line":12,"column":2},"end":{"line":33,"column":3}},"type":"switch","locations":[{"start":{"line":13,"column":6},"end":{"line":20,"column":5}},{"start":{"line":21,"column":3},"end":{"line":25,"column":5}},{"start":{"line":26,"column":3},"end":{"line":30,"column":5}},{"start":{"line":31,"column":6},"end":{"line":32,"column":21}}],"line":12}},"s":{"0":1,"1":5,"2":5,"3":1,"4":1,"5":1,"6":1,"7":1,"8":1,"9":1,"10":1,"11":1,"12":2},"f":{"0":5},"b":{"0":[2],"1":[0],"2":[1,1,1,2]},"_coverageSchema":"332fd63041d2c1bcb487cc26dd0d5f7d97098a6c","hash":"7e2c351a98cd03cec3fa80b76a922a8eca4f7db7"}
,"/home/swpp/swpp/my/sns_frontend/src/reducers/chat.js": {"path":"/home/swpp/swpp/my/sns_frontend/src/reducers/chat.js","statementMap":{"0":{"start":{"line":4,"column":21},"end":{"line":9,"column":1}},"1":{"start":{"line":12,"column":4},"end":{"line":34,"column":5}},"2":{"start":{"line":14,"column":15},"end":{"line":14,"column":19}},"3":{"start":{"line":15,"column":18},"end":{"line":15,"column":20}},"4":{"start":{"line":16,"column":3},"end":{"line":16,"column":56}},"5":{"start":{"line":18,"column":26},"end":{"line":18,"column":40}},"6":{"start":{"line":19,"column":16},"end":{"line":19,"column":29}},"7":{"start":{"line":20,"column":15},"end":{"line":20,"column":19}},"8":{"start":{"line":21,"column":12},"end":{"line":21,"column":74}},"9":{"start":{"line":23,"column":27},"end":{"line":23,"column":42}},"10":{"start":{"line":24,"column":12},"end":{"line":24,"column":56}},"11":{"start":{"line":26,"column":16},"end":{"line":26,"column":29}},"12":{"start":{"line":27,"column":3},"end":{"line":27,"column":45}},"13":{"start":{"line":30,"column":19},"end":{"line":30,"column":31}},"14":{"start":{"line":31,"column":3},"end":{"line":31,"column":39}},"15":{"start":{"line":33,"column":12},"end":{"line":33,"column":25}}},"fnMap":{"0":{"name":"(anonymous_0)","decl":{"start":{"line":11,"column":15},"end":{"line":11,"column":16}},"loc":{"start":{"line":11,"column":54},"end":{"line":35,"column":1}},"line":11}},"branchMap":{"0":{"loc":{"start":{"line":11,"column":16},"end":{"line":11,"column":36}},"type":"default-arg","locations":[{"start":{"line":11,"column":24},"end":{"line":11,"column":36}}],"line":11},"1":{"loc":{"start":{"line":11,"column":38},"end":{"line":11,"column":49}},"type":"default-arg","locations":[{"start":{"line":11,"column":47},"end":{"line":11,"column":49}}],"line":11},"2":{"loc":{"start":{"line":12,"column":4},"end":{"line":34,"column":5}},"type":"switch","locations":[{"start":{"line":13,"column":2},"end":{"line":16,"column":56}},{"start":{"line":17,"column":8},"end":{"line":21,"column":74}},{"start":{"line":22,"column":8},"end":{"line":24,"column":56}},{"start":{"line":25,"column":2},"end":{"line":27,"column":45}},{"start":{"line":28,"column":2},"end":{"line":28,"column":23}},{"start":{"line":29,"column":5},"end":{"line":31,"column":39}},{"start":{"line":32,"column":8},"end":{"line":33,"column":25}}],"line":12}},"s":{"0":1,"1":8,"2":1,"3":1,"4":1,"5":1,"6":1,"7":1,"8":1,"9":1,"10":1,"11":1,"12":1,"13":2,"14":2,"15":2},"f":{"0":8},"b":{"0":[2],"1":[0],"2":[1,1,1,1,1,2,2]},"_coverageSchema":"332fd63041d2c1bcb487cc26dd0d5f7d97098a6c","hash":"42f19c0fe3f4f258145857b32d8fdd1d2dca7cc8"}
,"/home/swpp/swpp/my/sns_frontend/src/reducers/friend.js": {"path":"/home/swpp/swpp/my/sns_frontend/src/reducers/friend.js","statementMap":{"0":{"start":{"line":6,"column":21},"end":{"line":9,"column":1}},"1":{"start":{"line":12,"column":4},"end":{"line":26,"column":5}},"2":{"start":{"line":14,"column":34},"end":{"line":14,"column":56}},"3":{"start":{"line":15,"column":12},"end":{"line":15,"column":63}},"4":{"start":{"line":17,"column":29},"end":{"line":17,"column":46}},"5":{"start":{"line":18,"column":12},"end":{"line":18,"column":58}},"6":{"start":{"line":21,"column":19},"end":{"line":21,"column":31}},"7":{"start":{"line":22,"column":3},"end":{"line":22,"column":39}},"8":{"start":{"line":25,"column":12},"end":{"line":25,"column":25}}},"fnMap":{"0":{"name":"(anonymous_0)","decl":{"start":{"line":11,"column":15},"end":{"line":11,"column":16}},"loc":{"start":{"line":11,"column":54},"end":{"line":27,"column":1}},"line":11}},"branchMap":{"0":{"loc":{"start":{"line":11,"column":16},"end":{"line":11,"column":36}},"type":"default-arg","locations":[{"start":{"line":11,"column":24},"end":{"line":11,"column":36}}],"line":11},"1":{"loc":{"start":{"line":11,"column":38},"end":{"line":11,"column":49}},"type":"default-arg","locations":[{"start":{"line":11,"column":47},"end":{"line":11,"column":49}}],"line":11},"2":{"loc":{"start":{"line":12,"column":4},"end":{"line":26,"column":5}},"type":"switch","locations":[{"start":{"line":13,"column":8},"end":{"line":15,"column":63}},{"start":{"line":16,"column":8},"end":{"line":18,"column":58}},{"start":{"line":19,"column":3},"end":{"line":23,"column":5}},{"start":{"line":24,"column":8},"end":{"line":25,"column":25}}],"line":12}},"s":{"0":1,"1":5,"2":1,"3":1,"4":1,"5":1,"6":1,"7":1,"8":2},"f":{"0":5},"b":{"0":[2],"1":[0],"2":[1,1,1,2]},"_coverageSchema":"332fd63041d2c1bcb487cc26dd0d5f7d97098a6c","hash":"0c63a9232bedc592a60aed390fff27eaa33a7782"}
,"/home/swpp/swpp/my/sns_frontend/src/reducers/get_comments.js": {"path":"/home/swpp/swpp/my/sns_frontend/src/reducers/get_comments.js","statementMap":{"0":{"start":{"line":3,"column":21},"end":{"line":6,"column":1}},"1":{"start":{"line":9,"column":43},"end":{"line":22,"column":5}},"2":{"start":{"line":11,"column":27},"end":{"line":11,"column":42}},"3":{"start":{"line":12,"column":25},"end":{"line":12,"column":38}},"4":{"start":{"line":13,"column":9},"end":{"line":13,"column":45}},"5":{"start":{"line":14,"column":12},"end":{"line":14,"column":69}},"6":{"start":{"line":17,"column":19},"end":{"line":17,"column":31}},"7":{"start":{"line":18,"column":3},"end":{"line":18,"column":39}},"8":{"start":{"line":21,"column":12},"end":{"line":21,"column":25}}},"fnMap":{"0":{"name":"(anonymous_0)","decl":{"start":{"line":9,"column":0},"end":{"line":9,"column":1}},"loc":{"start":{"line":9,"column":39},"end":{"line":23,"column":1}},"line":9}},"branchMap":{"0":{"loc":{"start":{"line":9,"column":1},"end":{"line":9,"column":21}},"type":"default-arg","locations":[{"start":{"line":9,"column":9},"end":{"line":9,"column":21}}],"line":9},"1":{"loc":{"start":{"line":9,"column":23},"end":{"line":9,"column":34}},"type":"default-arg","locations":[{"start":{"line":9,"column":32},"end":{"line":9,"column":34}}],"line":9},"2":{"loc":{"start":{"line":9,"column":43},"end":{"line":22,"column":5}},"type":"switch","locations":[{"start":{"line":10,"column":8},"end":{"line":14,"column":69}},{"start":{"line":15,"column":3},"end":{"line":19,"column":5}},{"start":{"line":20,"column":8},"end":{"line":21,"column":25}}],"line":9}},"s":{"0":1,"1":4,"2":1,"3":1,"4":1,"5":1,"6":1,"7":1,"8":2},"f":{"0":4},"b":{"0":[2],"1":[0],"2":[1,1,2]},"_coverageSchema":"332fd63041d2c1bcb487cc26dd0d5f7d97098a6c","hash":"578f249430c499b6c76e9983759fdbd5aca36f10"}
,"/home/swpp/swpp/my/sns_frontend/src/reducers/get_groups.js": {"path":"/home/swpp/swpp/my/sns_frontend/src/reducers/get_groups.js","statementMap":{"0":{"start":{"line":3,"column":21},"end":{"line":5,"column":1}},"1":{"start":{"line":8,"column":4},"end":{"line":20,"column":5}},"2":{"start":{"line":10,"column":25},"end":{"line":10,"column":38}},"3":{"start":{"line":11,"column":3},"end":{"line":11,"column":22}},"4":{"start":{"line":12,"column":12},"end":{"line":12,"column":54}},"5":{"start":{"line":15,"column":19},"end":{"line":15,"column":31}},"6":{"start":{"line":16,"column":3},"end":{"line":16,"column":39}},"7":{"start":{"line":19,"column":12},"end":{"line":19,"column":25}}},"fnMap":{"0":{"name":"(anonymous_0)","decl":{"start":{"line":7,"column":15},"end":{"line":7,"column":16}},"loc":{"start":{"line":7,"column":54},"end":{"line":21,"column":1}},"line":7}},"branchMap":{"0":{"loc":{"start":{"line":7,"column":16},"end":{"line":7,"column":36}},"type":"default-arg","locations":[{"start":{"line":7,"column":24},"end":{"line":7,"column":36}}],"line":7},"1":{"loc":{"start":{"line":7,"column":38},"end":{"line":7,"column":49}},"type":"default-arg","locations":[{"start":{"line":7,"column":47},"end":{"line":7,"column":49}}],"line":7},"2":{"loc":{"start":{"line":8,"column":4},"end":{"line":20,"column":5}},"type":"switch","locations":[{"start":{"line":9,"column":8},"end":{"line":12,"column":54}},{"start":{"line":13,"column":3},"end":{"line":17,"column":5}},{"start":{"line":18,"column":8},"end":{"line":19,"column":25}}],"line":8}},"s":{"0":1,"1":4,"2":1,"3":1,"4":1,"5":1,"6":1,"7":2},"f":{"0":4},"b":{"0":[2],"1":[0],"2":[1,1,2]},"_coverageSchema":"332fd63041d2c1bcb487cc26dd0d5f7d97098a6c","hash":"6cac92e3ab999c735816a187881d9ea22560da50"}
,"/home/swpp/swpp/my/sns_frontend/src/reducers/get_images.js": {"path":"/home/swpp/swpp/my/sns_frontend/src/reducers/get_images.js","statementMap":{"0":{"start":{"line":6,"column":21},"end":{"line":8,"column":1}},"1":{"start":{"line":11,"column":4},"end":{"line":22,"column":5}},"2":{"start":{"line":13,"column":25},"end":{"line":13,"column":38}},"3":{"start":{"line":14,"column":12},"end":{"line":14,"column":54}},"4":{"start":{"line":17,"column":19},"end":{"line":17,"column":31}},"5":{"start":{"line":18,"column":3},"end":{"line":18,"column":39}},"6":{"start":{"line":21,"column":12},"end":{"line":21,"column":25}}},"fnMap":{"0":{"name":"(anonymous_0)","decl":{"start":{"line":10,"column":15},"end":{"line":10,"column":16}},"loc":{"start":{"line":10,"column":54},"end":{"line":23,"column":1}},"line":10}},"branchMap":{"0":{"loc":{"start":{"line":10,"column":16},"end":{"line":10,"column":36}},"type":"default-arg","locations":[{"start":{"line":10,"column":24},"end":{"line":10,"column":36}}],"line":10},"1":{"loc":{"start":{"line":10,"column":38},"end":{"line":10,"column":49}},"type":"default-arg","locations":[{"start":{"line":10,"column":47},"end":{"line":10,"column":49}}],"line":10},"2":{"loc":{"start":{"line":11,"column":4},"end":{"line":22,"column":5}},"type":"switch","locations":[{"start":{"line":12,"column":8},"end":{"line":14,"column":54}},{"start":{"line":15,"column":3},"end":{"line":19,"column":5}},{"start":{"line":20,"column":8},"end":{"line":21,"column":25}}],"line":11}},"s":{"0":1,"1":4,"2":1,"3":1,"4":1,"5":1,"6":2},"f":{"0":4},"b":{"0":[2],"1":[0],"2":[1,1,2]},"_coverageSchema":"332fd63041d2c1bcb487cc26dd0d5f7d97098a6c","hash":"c05cd674808c75ac617be1caa0b8854c7d832d59"}
,"/home/swpp/swpp/my/sns_frontend/src/reducers/get_posts.js": {"path":"/home/swpp/swpp/my/sns_frontend/src/reducers/get_posts.js","statementMap":{"0":{"start":{"line":3,"column":21},"end":{"line":6,"column":1}},"1":{"start":{"line":9,"column":4},"end":{"line":24,"column":5}},"2":{"start":{"line":11,"column":24},"end":{"line":11,"column":36}},"3":{"start":{"line":12,"column":12},"end":{"line":12,"column":31}},"4":{"start":{"line":13,"column":12},"end":{"line":13,"column":53}},"5":{"start":{"line":15,"column":28},"end":{"line":15,"column":44}},"6":{"start":{"line":16,"column":12},"end":{"line":16,"column":57}},"7":{"start":{"line":19,"column":19},"end":{"line":19,"column":31}},"8":{"start":{"line":20,"column":3},"end":{"line":20,"column":39}},"9":{"start":{"line":23,"column":12},"end":{"line":23,"column":25}}},"fnMap":{"0":{"name":"(anonymous_0)","decl":{"start":{"line":8,"column":15},"end":{"line":8,"column":16}},"loc":{"start":{"line":8,"column":54},"end":{"line":25,"column":1}},"line":8}},"branchMap":{"0":{"loc":{"start":{"line":8,"column":16},"end":{"line":8,"column":36}},"type":"default-arg","locations":[{"start":{"line":8,"column":24},"end":{"line":8,"column":36}}],"line":8},"1":{"loc":{"start":{"line":8,"column":38},"end":{"line":8,"column":49}},"type":"default-arg","locations":[{"start":{"line":8,"column":47},"end":{"line":8,"column":49}}],"line":8},"2":{"loc":{"start":{"line":9,"column":4},"end":{"line":24,"column":5}},"type":"switch","locations":[{"start":{"line":10,"column":8},"end":{"line":13,"column":53}},{"start":{"line":14,"column":8},"end":{"line":16,"column":57}},{"start":{"line":17,"column":3},"end":{"line":21,"column":5}},{"start":{"line":22,"column":8},"end":{"line":23,"column":25}}],"line":9}},"s":{"0":1,"1":5,"2":1,"3":1,"4":1,"5":1,"6":1,"7":1,"8":1,"9":2},"f":{"0":5},"b":{"0":[2],"1":[0],"2":[1,1,1,2]},"_coverageSchema":"332fd63041d2c1bcb487cc26dd0d5f7d97098a6c","hash":"425d68f69a9f613ae799c65709ca36c866f04927"}
,"/home/swpp/swpp/my/sns_frontend/src/reducers/get_users.js": {"path":"/home/swpp/swpp/my/sns_frontend/src/reducers/get_users.js","statementMap":{"0":{"start":{"line":3,"column":21},"end":{"line":5,"column":1}},"1":{"start":{"line":8,"column":4},"end":{"line":19,"column":5}},"2":{"start":{"line":10,"column":24},"end":{"line":10,"column":36}},"3":{"start":{"line":11,"column":12},"end":{"line":11,"column":53}},"4":{"start":{"line":14,"column":19},"end":{"line":14,"column":31}},"5":{"start":{"line":15,"column":3},"end":{"line":15,"column":39}},"6":{"start":{"line":18,"column":12},"end":{"line":18,"column":25}}},"fnMap":{"0":{"name":"(anonymous_0)","decl":{"start":{"line":7,"column":15},"end":{"line":7,"column":16}},"loc":{"start":{"line":7,"column":54},"end":{"line":20,"column":1}},"line":7}},"branchMap":{"0":{"loc":{"start":{"line":7,"column":16},"end":{"line":7,"column":36}},"type":"default-arg","locations":[{"start":{"line":7,"column":24},"end":{"line":7,"column":36}}],"line":7},"1":{"loc":{"start":{"line":7,"column":38},"end":{"line":7,"column":49}},"type":"default-arg","locations":[{"start":{"line":7,"column":47},"end":{"line":7,"column":49}}],"line":7},"2":{"loc":{"start":{"line":8,"column":4},"end":{"line":19,"column":5}},"type":"switch","locations":[{"start":{"line":9,"column":8},"end":{"line":11,"column":53}},{"start":{"line":12,"column":3},"end":{"line":16,"column":5}},{"start":{"line":17,"column":8},"end":{"line":18,"column":25}}],"line":8}},"s":{"0":1,"1":4,"2":1,"3":1,"4":1,"5":1,"6":2},"f":{"0":4},"b":{"0":[2],"1":[0],"2":[1,1,2]},"_coverageSchema":"332fd63041d2c1bcb487cc26dd0d5f7d97098a6c","hash":"379d3acf8c8a34036f7367cb510eef75dcb758af"}
,"/home/swpp/swpp/my/sns_frontend/src/reducers/gps.js": {"path":"/home/swpp/swpp/my/sns_frontend/src/reducers/gps.js","statementMap":{"0":{"start":{"line":3,"column":21},"end":{"line":8,"column":1}},"1":{"start":{"line":11,"column":2},"end":{"line":27,"column":3}},"2":{"start":{"line":14,"column":20},"end":{"line":14,"column":38}},"3":{"start":{"line":15,"column":5},"end":{"line":15,"column":27}},"4":{"start":{"line":16,"column":18},"end":{"line":16,"column":43}},"5":{"start":{"line":17,"column":19},"end":{"line":17,"column":59}},"6":{"start":{"line":18,"column":16},"end":{"line":18,"column":62}},"7":{"start":{"line":19,"column":20},"end":{"line":19,"column":66}},"8":{"start":{"line":20,"column":5},"end":{"line":20,"column":57}},"9":{"start":{"line":23,"column":19},"end":{"line":23,"column":31}},"10":{"start":{"line":24,"column":3},"end":{"line":24,"column":39}},"11":{"start":{"line":26,"column":8},"end":{"line":26,"column":21}}},"fnMap":{"0":{"name":"(anonymous_0)","decl":{"start":{"line":10,"column":15},"end":{"line":10,"column":16}},"loc":{"start":{"line":10,"column":54},"end":{"line":28,"column":1}},"line":10}},"branchMap":{"0":{"loc":{"start":{"line":10,"column":16},"end":{"line":10,"column":36}},"type":"default-arg","locations":[{"start":{"line":10,"column":24},"end":{"line":10,"column":36}}],"line":10},"1":{"loc":{"start":{"line":10,"column":38},"end":{"line":10,"column":49}},"type":"default-arg","locations":[{"start":{"line":10,"column":47},"end":{"line":10,"column":49}}],"line":10},"2":{"loc":{"start":{"line":11,"column":2},"end":{"line":27,"column":3}},"type":"switch","locations":[{"start":{"line":12,"column":6},"end":{"line":21,"column":5}},{"start":{"line":22,"column":3},"end":{"line":24,"column":39}},{"start":{"line":25,"column":6},"end":{"line":26,"column":21}}],"line":11}},"s":{"0":2,"1":4,"2":1,"3":1,"4":1,"5":1,"6":1,"7":1,"8":1,"9":1,"10":1,"11":2},"f":{"0":4},"b":{"0":[2],"1":[0],"2":[1,1,2]},"_coverageSchema":"332fd63041d2c1bcb487cc26dd0d5f7d97098a6c","hash":"6f438caa316d53014adf987d94e4aad1d6288704"}
,"/home/swpp/swpp/my/sns_frontend/src/reducers/groupchat.js": {"path":"/home/swpp/swpp/my/sns_frontend/src/reducers/groupchat.js","statementMap":{"0":{"start":{"line":4,"column":21},"end":{"line":9,"column":1}},"1":{"start":{"line":11,"column":59},"end":{"line":35,"column":5}},"2":{"start":{"line":13,"column":4},"end":{"line":13,"column":24}},"3":{"start":{"line":14,"column":23},"end":{"line":14,"column":38}},"4":{"start":{"line":15,"column":17},"end":{"line":15,"column":21}},"5":{"start":{"line":16,"column":20},"end":{"line":16,"column":22}},"6":{"start":{"line":18,"column":8},"end":{"line":20,"column":9}},"7":{"start":{"line":19,"column":10},"end":{"line":19,"column":47}},"8":{"start":{"line":22,"column":8},"end":{"line":22,"column":70}},"9":{"start":{"line":24,"column":23},"end":{"line":24,"column":38}},"10":{"start":{"line":25,"column":8},"end":{"line":25,"column":30}},"11":{"start":{"line":26,"column":8},"end":{"line":26,"column":52}},"12":{"start":{"line":31,"column":19},"end":{"line":31,"column":31}},"13":{"start":{"line":32,"column":3},"end":{"line":32,"column":39}},"14":{"start":{"line":34,"column":8},"end":{"line":34,"column":21}}},"fnMap":{"0":{"name":"(anonymous_0)","decl":{"start":{"line":11,"column":15},"end":{"line":11,"column":16}},"loc":{"start":{"line":11,"column":54},"end":{"line":36,"column":1}},"line":11}},"branchMap":{"0":{"loc":{"start":{"line":11,"column":16},"end":{"line":11,"column":36}},"type":"default-arg","locations":[{"start":{"line":11,"column":24},"end":{"line":11,"column":36}}],"line":11},"1":{"loc":{"start":{"line":11,"column":38},"end":{"line":11,"column":49}},"type":"default-arg","locations":[{"start":{"line":11,"column":47},"end":{"line":11,"column":49}}],"line":11},"2":{"loc":{"start":{"line":11,"column":59},"end":{"line":35,"column":5}},"type":"switch","locations":[{"start":{"line":12,"column":6},"end":{"line":22,"column":70}},{"start":{"line":23,"column":6},"end":{"line":26,"column":52}},{"start":{"line":27,"column":4},"end":{"line":27,"column":31}},{"start":{"line":28,"column":3},"end":{"line":28,"column":24}},{"start":{"line":29,"column":3},"end":{"line":29,"column":17}},{"start":{"line":30,"column":3},"end":{"line":32,"column":39}},{"start":{"line":33,"column":6},"end":{"line":34,"column":21}}],"line":11}},"s":{"0":1,"1":9,"2":1,"3":1,"4":1,"5":1,"6":1,"7":1,"8":1,"9":1,"10":1,"11":1,"12":5,"13":5,"14":2},"f":{"0":9},"b":{"0":[2],"1":[0],"2":[1,1,1,3,4,5,2]},"_coverageSchema":"332fd63041d2c1bcb487cc26dd0d5f7d97098a6c","hash":"4def7cba1a511b861083efc244fe54365b96f05a"}
,"/home/swpp/swpp/my/sns_frontend/src/reducers/schedule.js": {"path":"/home/swpp/swpp/my/sns_frontend/src/reducers/schedule.js","statementMap":{"0":{"start":{"line":3,"column":21},"end":{"line":8,"column":1}},"1":{"start":{"line":11,"column":4},"end":{"line":28,"column":5}},"2":{"start":{"line":13,"column":22},"end":{"line":13,"column":36}},"3":{"start":{"line":14,"column":8},"end":{"line":14,"column":51}},"4":{"start":{"line":17,"column":28},"end":{"line":17,"column":44}},"5":{"start":{"line":18,"column":12},"end":{"line":18,"column":57}},"6":{"start":{"line":20,"column":29},"end":{"line":20,"column":45}},"7":{"start":{"line":21,"column":32},"end":{"line":21,"column":51}},"8":{"start":{"line":22,"column":8},"end":{"line":22,"column":79}},"9":{"start":{"line":24,"column":21},"end":{"line":24,"column":33}},"10":{"start":{"line":25,"column":9},"end":{"line":25,"column":45}},"11":{"start":{"line":27,"column":12},"end":{"line":27,"column":25}}},"fnMap":{"0":{"name":"(anonymous_0)","decl":{"start":{"line":10,"column":15},"end":{"line":10,"column":16}},"loc":{"start":{"line":10,"column":54},"end":{"line":29,"column":1}},"line":10}},"branchMap":{"0":{"loc":{"start":{"line":10,"column":16},"end":{"line":10,"column":36}},"type":"default-arg","locations":[{"start":{"line":10,"column":24},"end":{"line":10,"column":36}}],"line":10},"1":{"loc":{"start":{"line":10,"column":38},"end":{"line":10,"column":49}},"type":"default-arg","locations":[{"start":{"line":10,"column":47},"end":{"line":10,"column":49}}],"line":10},"2":{"loc":{"start":{"line":11,"column":4},"end":{"line":28,"column":5}},"type":"switch","locations":[{"start":{"line":12,"column":6},"end":{"line":14,"column":51}},{"start":{"line":16,"column":8},"end":{"line":18,"column":57}},{"start":{"line":19,"column":6},"end":{"line":22,"column":79}},{"start":{"line":23,"column":1},"end":{"line":25,"column":45}},{"start":{"line":26,"column":8},"end":{"line":27,"column":25}}],"line":11}},"s":{"0":2,"1":4,"2":0,"3":0,"4":2,"5":2,"6":0,"7":0,"8":0,"9":0,"10":0,"11":2},"f":{"0":4},"b":{"0":[2],"1":[0],"2":[0,2,0,0,2]},"_coverageSchema":"332fd63041d2c1bcb487cc26dd0d5f7d97098a6c","hash":"a608fb089e64f890b2b2813c838ce63d94d915f4"}
,"/home/swpp/swpp/my/sns_frontend/src/reducers/search.js": {"path":"/home/swpp/swpp/my/sns_frontend/src/reducers/search.js","statementMap":{"0":{"start":{"line":3,"column":21},"end":{"line":6,"column":1}},"1":{"start":{"line":10,"column":2},"end":{"line":26,"column":3}},"2":{"start":{"line":12,"column":18},"end":{"line":12,"column":30}},"3":{"start":{"line":13,"column":23},"end":{"line":13,"column":27}},"4":{"start":{"line":14,"column":6},"end":{"line":14,"column":61}},"5":{"start":{"line":17,"column":6},"end":{"line":17,"column":25}},"6":{"start":{"line":18,"column":6},"end":{"line":18,"column":52}},"7":{"start":{"line":21,"column":19},"end":{"line":21,"column":31}},"8":{"start":{"line":22,"column":3},"end":{"line":22,"column":39}},"9":{"start":{"line":25,"column":6},"end":{"line":25,"column":19}}},"fnMap":{"0":{"name":"(anonymous_0)","decl":{"start":{"line":8,"column":15},"end":{"line":8,"column":16}},"loc":{"start":{"line":8,"column":54},"end":{"line":27,"column":1}},"line":8}},"branchMap":{"0":{"loc":{"start":{"line":8,"column":16},"end":{"line":8,"column":36}},"type":"default-arg","locations":[{"start":{"line":8,"column":24},"end":{"line":8,"column":36}}],"line":8},"1":{"loc":{"start":{"line":8,"column":38},"end":{"line":8,"column":49}},"type":"default-arg","locations":[{"start":{"line":8,"column":47},"end":{"line":8,"column":49}}],"line":8},"2":{"loc":{"start":{"line":10,"column":2},"end":{"line":26,"column":3}},"type":"switch","locations":[{"start":{"line":11,"column":4},"end":{"line":14,"column":61}},{"start":{"line":16,"column":4},"end":{"line":18,"column":52}},{"start":{"line":19,"column":3},"end":{"line":23,"column":5}},{"start":{"line":24,"column":4},"end":{"line":25,"column":19}}],"line":10}},"s":{"0":2,"1":5,"2":1,"3":1,"4":1,"5":1,"6":1,"7":1,"8":1,"9":2},"f":{"0":5},"b":{"0":[2],"1":[0],"2":[1,1,1,2]},"_coverageSchema":"332fd63041d2c1bcb487cc26dd0d5f7d97098a6c","hash":"bd2d171ae62d4b436a252e7c663cc83bb2efb2d5"}
,"/home/swpp/swpp/my/sns_frontend/src/reducers/settings.js": {"path":"/home/swpp/swpp/my/sns_frontend/src/reducers/settings.js","statementMap":{"0":{"start":{"line":3,"column":21},"end":{"line":12,"column":1}},"1":{"start":{"line":16,"column":2},"end":{"line":79,"column":3}},"2":{"start":{"line":20,"column":37},"end":{"line":20,"column":41}},"3":{"start":{"line":21,"column":34},"end":{"line":21,"column":39}},"4":{"start":{"line":22,"column":8},"end":{"line":22,"column":89}},"5":{"start":{"line":26,"column":37},"end":{"line":26,"column":42}},"6":{"start":{"line":27,"column":34},"end":{"line":27,"column":38}},"7":{"start":{"line":28,"column":8},"end":{"line":28,"column":89}},"8":{"start":{"line":34,"column":37},"end":{"line":34,"column":41}},"9":{"start":{"line":35,"column":34},"end":{"line":35,"column":39}},"10":{"start":{"line":36,"column":8},"end":{"line":36,"column":89}},"11":{"start":{"line":40,"column":37},"end":{"line":40,"column":42}},"12":{"start":{"line":41,"column":34},"end":{"line":41,"column":38}},"13":{"start":{"line":42,"column":8},"end":{"line":42,"column":89}},"14":{"start":{"line":47,"column":40},"end":{"line":47,"column":44}},"15":{"start":{"line":48,"column":37},"end":{"line":48,"column":42}},"16":{"start":{"line":49,"column":8},"end":{"line":49,"column":95}},"17":{"start":{"line":53,"column":40},"end":{"line":53,"column":45}},"18":{"start":{"line":54,"column":37},"end":{"line":54,"column":41}},"19":{"start":{"line":55,"column":8},"end":{"line":55,"column":95}},"20":{"start":{"line":59,"column":32},"end":{"line":59,"column":36}},"21":{"start":{"line":60,"column":30},"end":{"line":60,"column":72}},"22":{"start":{"line":61,"column":8},"end":{"line":61,"column":38}},"23":{"start":{"line":62,"column":8},"end":{"line":62,"column":36}},"24":{"start":{"line":63,"column":37},"end":{"line":63,"column":42}},"25":{"start":{"line":64,"column":34},"end":{"line":64,"column":38}},"26":{"start":{"line":65,"column":8},"end":{"line":65,"column":129}},"27":{"start":{"line":69,"column":32},"end":{"line":69,"column":37}},"28":{"start":{"line":70,"column":8},"end":{"line":70,"column":61}},"29":{"start":{"line":74,"column":19},"end":{"line":74,"column":31}},"30":{"start":{"line":75,"column":3},"end":{"line":75,"column":39}},"31":{"start":{"line":78,"column":6},"end":{"line":78,"column":19}}},"fnMap":{"0":{"name":"(anonymous_0)","decl":{"start":{"line":14,"column":15},"end":{"line":14,"column":16}},"loc":{"start":{"line":14,"column":54},"end":{"line":80,"column":1}},"line":14}},"branchMap":{"0":{"loc":{"start":{"line":14,"column":16},"end":{"line":14,"column":36}},"type":"default-arg","locations":[{"start":{"line":14,"column":24},"end":{"line":14,"column":36}}],"line":14},"1":{"loc":{"start":{"line":14,"column":38},"end":{"line":14,"column":49}},"type":"default-arg","locations":[{"start":{"line":14,"column":47},"end":{"line":14,"column":49}}],"line":14},"2":{"loc":{"start":{"line":16,"column":2},"end":{"line":79,"column":3}},"type":"switch","locations":[{"start":{"line":17,"column":4},"end":{"line":23,"column":7}},{"start":{"line":24,"column":4},"end":{"line":29,"column":7}},{"start":{"line":31,"column":4},"end":{"line":37,"column":7}},{"start":{"line":38,"column":4},"end":{"line":43,"column":7}},{"start":{"line":44,"column":4},"end":{"line":50,"column":7}},{"start":{"line":51,"column":4},"end":{"line":56,"column":7}},{"start":{"line":57,"column":4},"end":{"line":66,"column":7}},{"start":{"line":67,"column":4},"end":{"line":71,"column":7}},{"start":{"line":72,"column":3},"end":{"line":76,"column":5}},{"start":{"line":77,"column":4},"end":{"line":78,"column":19}}],"line":16}},"s":{"0":1,"1":11,"2":1,"3":1,"4":1,"5":1,"6":1,"7":1,"8":1,"9":1,"10":1,"11":1,"12":1,"13":1,"14":1,"15":1,"16":1,"17":1,"18":1,"19":1,"20":1,"21":1,"22":1,"23":1,"24":1,"25":1,"26":1,"27":1,"28":1,"29":1,"30":1,"31":2},"f":{"0":11},"b":{"0":[2],"1":[0],"2":[1,1,1,1,1,1,1,1,1,2]},"_coverageSchema":"332fd63041d2c1bcb487cc26dd0d5f7d97098a6c","hash":"01ce17990adbeb3ddb3f46e37d8c0408ae2fc667"}
,"/home/swpp/swpp/my/sns_frontend/src/reducers/signup.js": {"path":"/home/swpp/swpp/my/sns_frontend/src/reducers/signup.js","statementMap":{"0":{"start":{"line":3,"column":21},"end":{"line":6,"column":1}},"1":{"start":{"line":11,"column":4},"end":{"line":32,"column":5}},"2":{"start":{"line":14,"column":12},"end":{"line":14,"column":35}},"3":{"start":{"line":15,"column":12},"end":{"line":15,"column":63}},"4":{"start":{"line":17,"column":12},"end":{"line":17,"column":36}},"5":{"start":{"line":18,"column":12},"end":{"line":18,"column":63}},"6":{"start":{"line":20,"column":12},"end":{"line":20,"column":30}},"7":{"start":{"line":21,"column":12},"end":{"line":21,"column":58}},"8":{"start":{"line":23,"column":12},"end":{"line":23,"column":31}},"9":{"start":{"line":24,"column":12},"end":{"line":24,"column":58}},"10":{"start":{"line":27,"column":19},"end":{"line":27,"column":31}},"11":{"start":{"line":28,"column":3},"end":{"line":28,"column":39}},"12":{"start":{"line":31,"column":12},"end":{"line":31,"column":25}}},"fnMap":{"0":{"name":"(anonymous_0)","decl":{"start":{"line":8,"column":15},"end":{"line":8,"column":16}},"loc":{"start":{"line":8,"column":54},"end":{"line":33,"column":1}},"line":8}},"branchMap":{"0":{"loc":{"start":{"line":8,"column":16},"end":{"line":8,"column":36}},"type":"default-arg","locations":[{"start":{"line":8,"column":24},"end":{"line":8,"column":36}}],"line":8},"1":{"loc":{"start":{"line":8,"column":38},"end":{"line":8,"column":49}},"type":"default-arg","locations":[{"start":{"line":8,"column":47},"end":{"line":8,"column":49}}],"line":8},"2":{"loc":{"start":{"line":11,"column":4},"end":{"line":32,"column":5}},"type":"switch","locations":[{"start":{"line":12,"column":8},"end":{"line":15,"column":63}},{"start":{"line":16,"column":8},"end":{"line":18,"column":63}},{"start":{"line":19,"column":8},"end":{"line":21,"column":58}},{"start":{"line":22,"column":8},"end":{"line":24,"column":58}},{"start":{"line":25,"column":3},"end":{"line":29,"column":5}},{"start":{"line":30,"column":8},"end":{"line":31,"column":25}}],"line":11}},"s":{"0":1,"1":7,"2":1,"3":1,"4":1,"5":1,"6":1,"7":1,"8":1,"9":1,"10":1,"11":1,"12":2},"f":{"0":7},"b":{"0":[2],"1":[0],"2":[1,1,1,1,1,2]},"_coverageSchema":"332fd63041d2c1bcb487cc26dd0d5f7d97098a6c","hash":"795938af9dbfcb19b27396cdddfe138228f76572"}
}
