TN:
SF:/home/swpp/swpp/my/sns_frontend/src/reducers/auth.js
FN:10,(anonymous_0)
FNF:1
FNH:1
FNDA:5,(anonymous_0)
DA:3,1
DA:11,5
DA:12,5
DA:15,1
DA:16,1
DA:17,1
DA:18,1
DA:19,1
DA:23,1
DA:24,1
DA:28,1
DA:29,1
DA:32,2
LF:13
LH:13
BRDA:10,0,0,2
BRDA:10,1,0,0
BRDA:12,2,0,1
BRDA:12,2,1,1
BRDA:12,2,2,1
BRDA:12,2,3,2
BRF:6
BRH:5
end_of_record
TN:
SF:/home/swpp/swpp/my/sns_frontend/src/reducers/chat.js
FN:11,(anonymous_0)
FNF:1
FNH:1
FNDA:8,(anonymous_0)
DA:4,1
DA:12,8
DA:14,1
DA:15,1
DA:16,1
DA:18,1
DA:19,1
DA:20,1
DA:21,1
DA:23,1
DA:24,1
DA:26,1
DA:27,1
DA:30,2
DA:31,2
DA:33,2
LF:16
LH:16
BRDA:11,0,0,2
BRDA:11,1,0,0
BRDA:12,2,0,1
BRDA:12,2,1,1
BRDA:12,2,2,1
BRDA:12,2,3,1
BRDA:12,2,4,1
BRDA:12,2,5,2
BRDA:12,2,6,2
BRF:9
BRH:8
end_of_record
TN:
SF:/home/swpp/swpp/my/sns_frontend/src/reducers/friend.js
FN:11,(anonymous_0)
FNF:1
FNH:1
FNDA:5,(anonymous_0)
DA:6,1
DA:12,5
DA:14,1
DA:15,1
DA:17,1
DA:18,1
DA:21,1
DA:22,1
DA:25,2
LF:9
LH:9
BRDA:11,0,0,2
BRDA:11,1,0,0
BRDA:12,2,0,1
BRDA:12,2,1,1
BRDA:12,2,2,1
BRDA:12,2,3,2
BRF:6
BRH:5
end_of_record
TN:
SF:/home/swpp/swpp/my/sns_frontend/src/reducers/get_comments.js
FN:9,(anonymous_0)
FNF:1
FNH:1
FNDA:4,(anonymous_0)
DA:3,1
DA:9,4
DA:11,1
DA:12,1
DA:13,1
DA:14,1
DA:17,1
DA:18,1
DA:21,2
LF:9
LH:9
BRDA:9,0,0,2
BRDA:9,1,0,0
BRDA:9,2,0,1
BRDA:9,2,1,1
BRDA:9,2,2,2
BRF:5
BRH:4
end_of_record
TN:
SF:/home/swpp/swpp/my/sns_frontend/src/reducers/get_groups.js
FN:7,(anonymous_0)
FNF:1
FNH:1
FNDA:4,(anonymous_0)
DA:3,1
DA:8,4
DA:10,1
DA:11,1
DA:12,1
DA:15,1
DA:16,1
DA:19,2
LF:8
LH:8
BRDA:7,0,0,2
BRDA:7,1,0,0
BRDA:8,2,0,1
BRDA:8,2,1,1
BRDA:8,2,2,2
BRF:5
BRH:4
end_of_record
TN:
SF:/home/swpp/swpp/my/sns_frontend/src/reducers/get_images.js
FN:10,(anonymous_0)
FNF:1
FNH:1
FNDA:4,(anonymous_0)
DA:6,1
DA:11,4
DA:13,1
DA:14,1
DA:17,1
DA:18,1
DA:21,2
LF:7
LH:7
BRDA:10,0,0,2
BRDA:10,1,0,0
BRDA:11,2,0,1
BRDA:11,2,1,1
BRDA:11,2,2,2
BRF:5
BRH:4
end_of_record
TN:
SF:/home/swpp/swpp/my/sns_frontend/src/reducers/get_posts.js
FN:8,(anonymous_0)
FNF:1
FNH:1
FNDA:5,(anonymous_0)
DA:3,1
DA:9,5
DA:11,1
DA:12,1
DA:13,1
DA:15,1
DA:16,1
DA:19,1
DA:20,1
DA:23,2
LF:10
LH:10
BRDA:8,0,0,2
BRDA:8,1,0,0
BRDA:9,2,0,1
BRDA:9,2,1,1
BRDA:9,2,2,1
BRDA:9,2,3,2
BRF:6
BRH:5
end_of_record
TN:
SF:/home/swpp/swpp/my/sns_frontend/src/reducers/get_users.js
FN:7,(anonymous_0)
FNF:1
FNH:1
FNDA:4,(anonymous_0)
DA:3,1
DA:8,4
DA:10,1
DA:11,1
DA:14,1
DA:15,1
DA:18,2
LF:7
LH:7
BRDA:7,0,0,2
BRDA:7,1,0,0
BRDA:8,2,0,1
BRDA:8,2,1,1
BRDA:8,2,2,2
BRF:5
BRH:4
end_of_record
TN:
SF:/home/swpp/swpp/my/sns_frontend/src/reducers/gps.js
FN:10,(anonymous_0)
FNF:1
FNH:1
FNDA:4,(anonymous_0)
DA:3,2
DA:11,4
DA:14,1
DA:15,1
DA:16,1
DA:17,1
DA:18,1
DA:19,1
DA:20,1
DA:23,1
DA:24,1
DA:26,2
LF:12
LH:12
BRDA:10,0,0,2
BRDA:10,1,0,0
BRDA:11,2,0,1
BRDA:11,2,1,1
BRDA:11,2,2,2
BRF:5
BRH:4
end_of_record
TN:
SF:/home/swpp/swpp/my/sns_frontend/src/reducers/groupchat.js
FN:11,(anonymous_0)
FNF:1
FNH:1
FNDA:9,(anonymous_0)
DA:4,1
DA:11,9
DA:13,1
DA:14,1
DA:15,1
DA:16,1
DA:18,1
DA:19,1
DA:22,1
DA:24,1
DA:25,1
DA:26,1
DA:31,5
DA:32,5
DA:34,2
LF:15
LH:15
BRDA:11,0,0,2
BRDA:11,1,0,0
BRDA:11,2,0,1
BRDA:11,2,1,1
BRDA:11,2,2,1
BRDA:11,2,3,3
BRDA:11,2,4,4
BRDA:11,2,5,5
BRDA:11,2,6,2
BRF:9
BRH:8
end_of_record
TN:
SF:/home/swpp/swpp/my/sns_frontend/src/reducers/schedule.js
FN:10,(anonymous_0)
FNF:1
FNH:1
FNDA:4,(anonymous_0)
DA:3,2
DA:11,4
DA:13,0
DA:14,0
DA:17,2
DA:18,2
DA:20,0
DA:21,0
DA:22,0
DA:24,0
DA:25,0
DA:27,2
LF:12
LH:5
BRDA:10,0,0,2
BRDA:10,1,0,0
BRDA:11,2,0,0
BRDA:11,2,1,2
BRDA:11,2,2,0
BRDA:11,2,3,0
BRDA:11,2,4,2
BRF:7
BRH:3
end_of_record
TN:
SF:/home/swpp/swpp/my/sns_frontend/src/reducers/search.js
FN:8,(anonymous_0)
FNF:1
FNH:1
FNDA:5,(anonymous_0)
DA:3,2
DA:10,5
DA:12,1
DA:13,1
DA:14,1
DA:17,1
DA:18,1
DA:21,1
DA:22,1
DA:25,2
LF:10
LH:10
BRDA:8,0,0,2
BRDA:8,1,0,0
BRDA:10,2,0,1
BRDA:10,2,1,1
BRDA:10,2,2,1
BRDA:10,2,3,2
BRF:6
BRH:5
end_of_record
TN:
SF:/home/swpp/swpp/my/sns_frontend/src/reducers/settings.js
FN:14,(anonymous_0)
FNF:1
FNH:1
FNDA:11,(anonymous_0)
DA:3,1
DA:16,11
DA:20,1
DA:21,1
DA:22,1
DA:26,1
DA:27,1
DA:28,1
DA:34,1
DA:35,1
DA:36,1
DA:40,1
DA:41,1
DA:42,1
DA:47,1
DA:48,1
DA:49,1
DA:53,1
DA:54,1
DA:55,1
DA:59,1
DA:60,1
DA:61,1
DA:62,1
DA:63,1
DA:64,1
DA:65,1
DA:69,1
DA:70,1
DA:74,1
DA:75,1
DA:78,2
LF:32
LH:32
BRDA:14,0,0,2
BRDA:14,1,0,0
BRDA:16,2,0,1
BRDA:16,2,1,1
BRDA:16,2,2,1
BRDA:16,2,3,1
BRDA:16,2,4,1
BRDA:16,2,5,1
BRDA:16,2,6,1
BRDA:16,2,7,1
BRDA:16,2,8,1
BRDA:16,2,9,2
BRF:12
BRH:11
end_of_record
TN:
SF:/home/swpp/swpp/my/sns_frontend/src/reducers/signup.js
FN:8,(anonymous_0)
FNF:1
FNH:1
FNDA:7,(anonymous_0)
DA:3,1
DA:11,7
DA:14,1
DA:15,1
DA:17,1
DA:18,1
DA:20,1
DA:21,1
DA:23,1
DA:24,1
DA:27,1
DA:28,1
DA:31,2
LF:13
LH:13
BRDA:8,0,0,2
BRDA:8,1,0,0
BRDA:11,2,0,1
BRDA:11,2,1,1
BRDA:11,2,2,1
BRDA:11,2,3,1
BRDA:11,2,4,1
BRDA:11,2,5,2
BRF:8
BRH:7
end_of_record
